{
  "RSpec": {
    "coverage": {
      "/Users/Kel/Documents/dev/git/photosite/app/helpers/application_helper.rb": [
        1,
        null
      ],
      "/Users/Kel/Documents/dev/git/photosite/app/controllers/images_controller.rb": [
        1,
        null,
        1,
        3,
        3,
        null,
        null,
        null
      ],
      "/Users/Kel/Documents/dev/git/photosite/app/controllers/application_controller.rb": [
        1,
        null,
        null,
        1,
        null
      ],
      "/Users/Kel/Documents/dev/git/photosite/app/controllers/pages_controller.rb": [
        1,
        null,
        1,
        null,
        null,
        1,
        null,
        null,
        1,
        null,
        null,
        null
      ],
      "/Users/Kel/Documents/dev/git/photosite/app/models/image.rb": [
        1,
        1,
        1,
        1,
        null
      ]
    },
    "timestamp": 1437949024
  }
}
